{"/home/rohit/internship/gsoc/helPR/src/default-config.js": {"path":"/home/rohit/internship/gsoc/helPR/src/default-config.js","statementMap":{"0":{"start":{"line":1,"column":0},"end":{"line":5,"column":1}}},"fnMap":{},"branchMap":{},"s":{"0":1},"f":{},"b":{},"_coverageSchema":"332fd63041d2c1bcb487cc26dd0d5f7d97098a6c","hash":"ac9563e89e7d9c62284f8d8825af03675265d3d5"}
,"/home/rohit/internship/gsoc/helPR/src/index.js": {"path":"/home/rohit/internship/gsoc/helPR/src/index.js","statementMap":{"0":{"start":{"line":1,"column":20},"end":{"line":1,"column":45}},"1":{"start":{"line":3,"column":0},"end":{"line":7,"column":1}},"2":{"start":{"line":4,"column":2},"end":{"line":6,"column":40}}},"fnMap":{"0":{"name":"(anonymous_0)","decl":{"start":{"line":3,"column":17},"end":{"line":3,"column":18}},"loc":{"start":{"line":3,"column":28},"end":{"line":7,"column":1}},"line":3}},"branchMap":{},"s":{"0":1,"1":1,"2":6},"f":{"0":6},"b":{},"_coverageSchema":"332fd63041d2c1bcb487cc26dd0d5f7d97098a6c","hash":"45be7d192086211387303f42a21d4dbd99e8b92c"}
,"/home/rohit/internship/gsoc/helPR/src/parse-pr.js": {"path":"/home/rohit/internship/gsoc/helPR/src/parse-pr.js","statementMap":{"0":{"start":{"line":1,"column":20},"end":{"line":1,"column":43}},"1":{"start":{"line":3,"column":0},"end":{"line":9,"column":1}},"2":{"start":{"line":4,"column":16},"end":{"line":4,"column":37}},"3":{"start":{"line":5,"column":22},"end":{"line":5,"column":33}},"4":{"start":{"line":6,"column":15},"end":{"line":6,"column":17}},"5":{"start":{"line":7,"column":2},"end":{"line":7,"column":70}},"6":{"start":{"line":7,"column":37},"end":{"line":7,"column":69}},"7":{"start":{"line":8,"column":2},"end":{"line":8,"column":15}}},"fnMap":{"0":{"name":"(anonymous_0)","decl":{"start":{"line":3,"column":17},"end":{"line":3,"column":18}},"loc":{"start":{"line":3,"column":27},"end":{"line":9,"column":1}},"line":3},"1":{"name":"(anonymous_1)","decl":{"start":{"line":7,"column":30},"end":{"line":7,"column":31}},"loc":{"start":{"line":7,"column":37},"end":{"line":7,"column":69}},"line":7}},"branchMap":{},"s":{"0":2,"1":2,"2":10,"3":10,"4":10,"5":10,"6":16,"7":10},"f":{"0":10,"1":16},"b":{},"_coverageSchema":"332fd63041d2c1bcb487cc26dd0d5f7d97098a6c","hash":"eaf28d05556c5d96006d25703b95a1d8d0f2b0e3"}
,"/home/rohit/internship/gsoc/helPR/src/pull-handler.js": {"path":"/home/rohit/internship/gsoc/helPR/src/pull-handler.js","statementMap":{"0":{"start":{"line":1,"column":15},"end":{"line":1,"column":36}},"1":{"start":{"line":2,"column":22},"end":{"line":2,"column":49}},"2":{"start":{"line":4,"column":0},"end":{"line":72,"column":1}},"3":{"start":{"line":5,"column":30},"end":{"line":5,"column":37}},"4":{"start":{"line":6,"column":34},"end":{"line":6,"column":54}},"5":{"start":{"line":7,"column":21},"end":{"line":7,"column":55}},"6":{"start":{"line":8,"column":17},"end":{"line":8,"column":107}},"7":{"start":{"line":10,"column":2},"end":{"line":16,"column":17}},"8":{"start":{"line":11,"column":4},"end":{"line":15,"column":6}},"9":{"start":{"line":18,"column":19},"end":{"line":18,"column":31}},"10":{"start":{"line":19,"column":2},"end":{"line":71,"column":3}},"11":{"start":{"line":20,"column":4},"end":{"line":20,"column":57}},"12":{"start":{"line":22,"column":4},"end":{"line":70,"column":5}},"13":{"start":{"line":24,"column":6},"end":{"line":30,"column":21}},"14":{"start":{"line":25,"column":23},"end":{"line":25,"column":25}},"15":{"start":{"line":26,"column":8},"end":{"line":28,"column":10}},"16":{"start":{"line":27,"column":10},"end":{"line":27,"column":104}},"17":{"start":{"line":29,"column":8},"end":{"line":29,"column":35}},"18":{"start":{"line":33,"column":21},"end":{"line":33,"column":23}},"19":{"start":{"line":34,"column":6},"end":{"line":36,"column":8}},"20":{"start":{"line":35,"column":8},"end":{"line":35,"column":102}},"21":{"start":{"line":37,"column":6},"end":{"line":37,"column":33}},"22":{"start":{"line":38,"column":11},"end":{"line":70,"column":5}},"23":{"start":{"line":40,"column":6},"end":{"line":46,"column":21}},"24":{"start":{"line":41,"column":23},"end":{"line":41,"column":25}},"25":{"start":{"line":42,"column":8},"end":{"line":44,"column":10}},"26":{"start":{"line":43,"column":10},"end":{"line":43,"column":102}},"27":{"start":{"line":45,"column":8},"end":{"line":45,"column":35}},"28":{"start":{"line":48,"column":6},"end":{"line":69,"column":7}},"29":{"start":{"line":50,"column":8},"end":{"line":56,"column":23}},"30":{"start":{"line":51,"column":25},"end":{"line":51,"column":27}},"31":{"start":{"line":52,"column":10},"end":{"line":54,"column":12}},"32":{"start":{"line":53,"column":12},"end":{"line":53,"column":106}},"33":{"start":{"line":55,"column":10},"end":{"line":55,"column":37}},"34":{"start":{"line":58,"column":23},"end":{"line":58,"column":25}},"35":{"start":{"line":59,"column":8},"end":{"line":61,"column":10}},"36":{"start":{"line":60,"column":10},"end":{"line":60,"column":104}},"37":{"start":{"line":62,"column":8},"end":{"line":62,"column":35}},"38":{"start":{"line":64,"column":23},"end":{"line":64,"column":25}},"39":{"start":{"line":65,"column":8},"end":{"line":67,"column":10}},"40":{"start":{"line":66,"column":10},"end":{"line":66,"column":106}},"41":{"start":{"line":68,"column":8},"end":{"line":68,"column":35}}},"fnMap":{"0":{"name":"(anonymous_0)","decl":{"start":{"line":4,"column":17},"end":{"line":4,"column":18}},"loc":{"start":{"line":4,"column":36},"end":{"line":72,"column":1}},"line":4},"1":{"name":"(anonymous_1)","decl":{"start":{"line":26,"column":25},"end":{"line":26,"column":26}},"loc":{"start":{"line":26,"column":32},"end":{"line":28,"column":9}},"line":26},"2":{"name":"(anonymous_2)","decl":{"start":{"line":34,"column":23},"end":{"line":34,"column":24}},"loc":{"start":{"line":34,"column":30},"end":{"line":36,"column":7}},"line":34},"3":{"name":"(anonymous_3)","decl":{"start":{"line":42,"column":25},"end":{"line":42,"column":26}},"loc":{"start":{"line":42,"column":32},"end":{"line":44,"column":9}},"line":42},"4":{"name":"(anonymous_4)","decl":{"start":{"line":52,"column":27},"end":{"line":52,"column":28}},"loc":{"start":{"line":52,"column":34},"end":{"line":54,"column":11}},"line":52},"5":{"name":"(anonymous_5)","decl":{"start":{"line":59,"column":25},"end":{"line":59,"column":26}},"loc":{"start":{"line":59,"column":32},"end":{"line":61,"column":9}},"line":59},"6":{"name":"(anonymous_6)","decl":{"start":{"line":65,"column":25},"end":{"line":65,"column":26}},"loc":{"start":{"line":65,"column":32},"end":{"line":67,"column":9}},"line":65}},"branchMap":{"0":{"loc":{"start":{"line":8,"column":17},"end":{"line":8,"column":107}},"type":"cond-expr","locations":[{"start":{"line":8,"column":50},"end":{"line":8,"column":91}},{"start":{"line":8,"column":94},"end":{"line":8,"column":107}}],"line":8},"1":{"loc":{"start":{"line":8,"column":17},"end":{"line":8,"column":47}},"type":"binary-expr","locations":[{"start":{"line":8,"column":17},"end":{"line":8,"column":27}},{"start":{"line":8,"column":31},"end":{"line":8,"column":47}}],"line":8},"2":{"loc":{"start":{"line":19,"column":2},"end":{"line":71,"column":3}},"type":"if","locations":[{"start":{"line":19,"column":2},"end":{"line":71,"column":3}},{"start":{"line":19,"column":2},"end":{"line":71,"column":3}}],"line":19},"3":{"loc":{"start":{"line":22,"column":4},"end":{"line":70,"column":5}},"type":"if","locations":[{"start":{"line":22,"column":4},"end":{"line":70,"column":5}},{"start":{"line":22,"column":4},"end":{"line":70,"column":5}}],"line":22},"4":{"loc":{"start":{"line":38,"column":11},"end":{"line":70,"column":5}},"type":"if","locations":[{"start":{"line":38,"column":11},"end":{"line":70,"column":5}},{"start":{"line":38,"column":11},"end":{"line":70,"column":5}}],"line":38},"5":{"loc":{"start":{"line":48,"column":6},"end":{"line":69,"column":7}},"type":"if","locations":[{"start":{"line":48,"column":6},"end":{"line":69,"column":7}},{"start":{"line":48,"column":6},"end":{"line":69,"column":7}}],"line":48}},"s":{"0":1,"1":1,"2":1,"3":6,"4":6,"5":6,"6":6,"7":6,"8":6,"9":6,"10":6,"11":6,"12":6,"13":3,"14":3,"15":3,"16":6,"17":3,"18":3,"19":3,"20":6,"21":3,"22":3,"23":3,"24":3,"25":3,"26":6,"27":3,"28":3,"29":2,"30":2,"31":2,"32":4,"33":2,"34":2,"35":2,"36":4,"37":2,"38":1,"39":1,"40":2,"41":1},"f":{"0":6,"1":6,"2":6,"3":6,"4":4,"5":4,"6":2},"b":{"0":[0,6],"1":[6,0],"2":[6,0],"3":[3,3],"4":[3,0],"5":[2,1]},"_coverageSchema":"332fd63041d2c1bcb487cc26dd0d5f7d97098a6c","hash":"443c46ad8ffdd30daa9a379d49706d991bd4e09a"}
}
