TN:
SF:/home/rohit/internship/gsoc/helPR/src/default-config.js
FNF:0
FNH:0
DA:1,1
LF:1
LH:1
BRF:0
BRH:0
end_of_record
TN:
SF:/home/rohit/internship/gsoc/helPR/src/index.js
FN:3,(anonymous_0)
FNF:1
FNH:1
FNDA:6,(anonymous_0)
DA:1,1
DA:3,1
DA:4,6
LF:3
LH:3
BRF:0
BRH:0
end_of_record
TN:
SF:/home/rohit/internship/gsoc/helPR/src/parse-pr.js
FN:3,(anonymous_0)
FN:7,(anonymous_1)
FNF:2
FNH:2
FNDA:10,(anonymous_0)
FNDA:16,(anonymous_1)
DA:1,2
DA:3,2
DA:4,10
DA:5,10
DA:6,10
DA:7,16
DA:8,10
LF:7
LH:7
BRF:0
BRH:0
end_of_record
TN:
SF:/home/rohit/internship/gsoc/helPR/src/pull-handler.js
FN:4,(anonymous_0)
FN:26,(anonymous_1)
FN:34,(anonymous_2)
FN:42,(anonymous_3)
FN:52,(anonymous_4)
FN:59,(anonymous_5)
FN:65,(anonymous_6)
FNF:7
FNH:7
FNDA:6,(anonymous_0)
FNDA:6,(anonymous_1)
FNDA:6,(anonymous_2)
FNDA:6,(anonymous_3)
FNDA:4,(anonymous_4)
FNDA:4,(anonymous_5)
FNDA:2,(anonymous_6)
DA:1,1
DA:2,1
DA:4,1
DA:5,6
DA:6,6
DA:7,6
DA:8,6
DA:10,6
DA:11,6
DA:18,6
DA:19,6
DA:20,6
DA:22,6
DA:24,3
DA:25,3
DA:26,3
DA:27,6
DA:29,3
DA:33,3
DA:34,3
DA:35,6
DA:37,3
DA:38,3
DA:40,3
DA:41,3
DA:42,3
DA:43,6
DA:45,3
DA:48,3
DA:50,2
DA:51,2
DA:52,2
DA:53,4
DA:55,2
DA:58,2
DA:59,2
DA:60,4
DA:62,2
DA:64,1
DA:65,1
DA:66,2
DA:68,1
LF:42
LH:42
BRDA:8,0,0,0
BRDA:8,0,1,6
BRDA:8,1,0,6
BRDA:8,1,1,0
BRDA:19,2,0,6
BRDA:19,2,1,0
BRDA:22,3,0,3
BRDA:22,3,1,3
BRDA:38,4,0,3
BRDA:38,4,1,0
BRDA:48,5,0,2
BRDA:48,5,1,1
BRF:12
BRH:8
end_of_record
